<?xml version="1.0" encoding="UTF-8"?>
<testng-results skipped="0" failed="0" ignored="0" total="1" passed="1">
  <reporter-output>
  </reporter-output>
  <suite name="Default suite" duration-ms="715" started-at="2019-06-17T23:45:22Z" finished-at="2019-06-17T23:45:22Z">
    <groups>
    </groups>
    <test name="Default test" duration-ms="715" started-at="2019-06-17T23:45:22Z" finished-at="2019-06-17T23:45:22Z">
      <class name="com.syntax.testcases.ExelUtilityTest">
        <test-method status="PASS" signature="exelTest()[pri:0, instance:com.syntax.testcases.ExelUtilityTest@29ee9faa]" name="exelTest" duration-ms="684" started-at="2019-06-17T23:45:22Z" finished-at="2019-06-17T23:45:22Z">
          <reporter-output>
          </reporter-output>
        </test-method> <!-- exelTest -->
      </class> <!-- com.syntax.testcases.ExelUtilityTest -->
    </test> <!-- Default test -->
  </suite> <!-- Default suite -->
</testng-results>
