<?xml version="1.0" encoding="UTF-8"?>
<testng-results skipped="0" failed="0" ignored="1" total="2" passed="1">
  <reporter-output>
  </reporter-output>
  <suite name="Suite" duration-ms="8295" started-at="2019-06-07T00:17:49Z" finished-at="2019-06-07T00:17:58Z">
    <groups>
      <group name="smoke">
        <method signature="sauceDemo.logIn1()[pri:0, instance:com.class04.sauceDemo@1d057a39]" name="logIn1" class="com.class04.sauceDemo"/>
      </group> <!-- smoke -->
    </groups>
    <test name="Test" duration-ms="8295" started-at="2019-06-07T00:17:49Z" finished-at="2019-06-07T00:17:58Z">
      <class name="com.class04.sauceDemo">
        <test-method status="PASS" signature="setUp()[pri:0, instance:com.class04.sauceDemo@1d057a39]" name="setUp" is-config="true" duration-ms="5370" started-at="2019-06-07T00:17:49Z" finished-at="2019-06-07T00:17:55Z">
          <reporter-output>
          </reporter-output>
        </test-method> <!-- setUp -->
        <test-method status="PASS" signature="logIn1()[pri:0, instance:com.class04.sauceDemo@1d057a39]" name="logIn1" duration-ms="2784" started-at="2019-06-07T00:17:55Z" finished-at="2019-06-07T00:17:57Z">
          <reporter-output>
          </reporter-output>
        </test-method> <!-- logIn1 -->
        <test-method status="PASS" signature="close()[pri:0, instance:com.class04.sauceDemo@1d057a39]" name="close" is-config="true" duration-ms="97" started-at="2019-06-07T00:17:57Z" finished-at="2019-06-07T00:17:57Z">
          <reporter-output>
          </reporter-output>
        </test-method> <!-- close -->
      </class> <!-- com.class04.sauceDemo -->
    </test> <!-- Test -->
  </suite> <!-- Suite -->
</testng-results>
