<?xml version="1.0" encoding="UTF-8"?>
<testng-results skipped="0" failed="0" ignored="0" total="1" passed="1">
  <reporter-output>
  </reporter-output>
  <suite name="Default suite" duration-ms="15845" started-at="2019-06-02T15:55:22Z" finished-at="2019-06-02T15:55:38Z">
    <groups>
    </groups>
    <test name="Default test" duration-ms="15845" started-at="2019-06-02T15:55:22Z" finished-at="2019-06-02T15:55:38Z">
      <class name="com.class12.FlightSearch">
        <test-method status="PASS" signature="setUp()[pri:0, instance:com.class12.FlightSearch@4678c730]" name="setUp" is-config="true" duration-ms="11419" started-at="2019-06-02T15:55:22Z" finished-at="2019-06-02T15:55:33Z">
          <reporter-output>
          </reporter-output>
        </test-method> <!-- setUp -->
        <test-method status="PASS" signature="searchFlight()[pri:0, instance:com.class12.FlightSearch@4678c730]" name="searchFlight" duration-ms="4377" started-at="2019-06-02T15:55:33Z" finished-at="2019-06-02T15:55:38Z">
          <reporter-output>
          </reporter-output>
        </test-method> <!-- searchFlight -->
      </class> <!-- com.class12.FlightSearch -->
    </test> <!-- Default test -->
  </suite> <!-- Default suite -->
</testng-results>
